Copyright 1986-2019 Xilinx, Inc. All Rights Reserved.
-------------------------------------------------------------------------------------------------------------------------------------------------
| Tool Version     : Vivado v.2019.1 (win64) Build 2552052 Fri May 24 14:49:42 MDT 2019
| Date             : Thu Dec 19 17:14:14 2024
| Host             : ERMAN-WORK running 64-bit major release  (build 9200)
| Command          : report_power -file top_level_power_routed.rpt -pb top_level_power_summary_routed.pb -rpx top_level_power_routed.rpx
| Design           : top_level
| Device           : xc7a35tcpg236-1
| Design State     : routed
| Grade            : commercial
| Process          : typical
| Characterization : Production
-------------------------------------------------------------------------------------------------------------------------------------------------

Power Report

Table of Contents
-----------------
1. Summary
1.1 On-Chip Components
1.2 Power Supply Summary
1.3 Confidence Level
2. Settings
2.1 Environment
2.2 Clock Constraints
3. Detailed Reports
3.1 By Hierarchy

1. Summary
----------

+--------------------------+--------------+
| Total On-Chip Power (W)  | 0.262        |
| Design Power Budget (W)  | Unspecified* |
| Power Budget Margin (W)  | NA           |
| Dynamic (W)              | 0.190        |
| Device Static (W)        | 0.072        |
| Effective TJA (C/W)      | 5.0          |
| Max Ambient (C)          | 83.7         |
| Junction Temperature (C) | 26.3         |
| Confidence Level         | Low          |
| Setting File             | ---          |
| Simulation Activity File | ---          |
| Design Nets Matched      | NA           |
+--------------------------+--------------+
* Specify Design Power Budget using, set_operating_conditions -design_power_budget <value in Watts>


1.1 On-Chip Components
----------------------

+--------------------------+-----------+----------+-----------+-----------------+
| On-Chip                  | Power (W) | Used     | Available | Utilization (%) |
+--------------------------+-----------+----------+-----------+-----------------+
| Clocks                   |     0.041 |        8 |       --- |             --- |
| Slice Logic              |     0.013 |    20781 |       --- |             --- |
|   LUT as Logic           |     0.010 |     6131 |     20800 |           29.48 |
|   Register               |     0.002 |    11409 |     41600 |           27.43 |
|   LUT as Shift Register  |    <0.001 |      408 |      9600 |            4.25 |
|   CARRY4                 |    <0.001 |      265 |      8150 |            3.25 |
|   F7/F8 Muxes            |    <0.001 |      576 |     32600 |            1.77 |
|   LUT as Distributed RAM |    <0.001 |       24 |      9600 |            0.25 |
|   BUFG                   |    <0.001 |        3 |        32 |            9.38 |
|   Others                 |     0.000 |      547 |       --- |             --- |
| Signals                  |     0.021 |    13901 |       --- |             --- |
| Block RAM                |    <0.001 |      1.5 |        50 |            3.00 |
| MMCM                     |     0.106 |        1 |         5 |           20.00 |
| I/O                      |     0.008 |       61 |       106 |           57.55 |
| Static Power             |     0.072 |          |           |                 |
| Total                    |     0.262 |          |           |                 |
+--------------------------+-----------+----------+-----------+-----------------+


1.2 Power Supply Summary
------------------------

+-----------+-------------+-----------+-------------+------------+
| Source    | Voltage (V) | Total (A) | Dynamic (A) | Static (A) |
+-----------+-------------+-----------+-------------+------------+
| Vccint    |       1.000 |     0.086 |       0.076 |      0.010 |
| Vccaux    |       1.800 |     0.072 |       0.059 |      0.013 |
| Vcco33    |       3.300 |     0.003 |       0.002 |      0.001 |
| Vcco25    |       2.500 |     0.000 |       0.000 |      0.000 |
| Vcco18    |       1.800 |     0.000 |       0.000 |      0.000 |
| Vcco15    |       1.500 |     0.000 |       0.000 |      0.000 |
| Vcco135   |       1.350 |     0.000 |       0.000 |      0.000 |
| Vcco12    |       1.200 |     0.000 |       0.000 |      0.000 |
| Vccaux_io |       1.800 |     0.000 |       0.000 |      0.000 |
| Vccbram   |       1.000 |     0.000 |       0.000 |      0.000 |
| MGTAVcc   |       1.000 |     0.000 |       0.000 |      0.000 |
| MGTAVtt   |       1.200 |     0.000 |       0.000 |      0.000 |
| Vccadc    |       1.800 |     0.020 |       0.000 |      0.020 |
+-----------+-------------+-----------+-------------+------------+


1.3 Confidence Level
--------------------

+-----------------------------+------------+--------------------------------------------------------+------------------------------------------------------------------------------------------------------------+
| User Input Data             | Confidence | Details                                                | Action                                                                                                     |
+-----------------------------+------------+--------------------------------------------------------+------------------------------------------------------------------------------------------------------------+
| Design implementation state | High       | Design is routed                                       |                                                                                                            |
| Clock nodes activity        | High       | User specified more than 95% of clocks                 |                                                                                                            |
| I/O nodes activity          | Low        | More than 75% of inputs are missing user specification | Provide missing input activity with simulation results or by editing the "By Resource Type -> I/Os" view   |
| Internal nodes activity     | Medium     | User specified less than 25% of internal nodes         | Provide missing internal nodes activity with simulation results or by editing the "By Resource Type" views |
| Device models               | High       | Device models are Production                           |                                                                                                            |
|                             |            |                                                        |                                                                                                            |
| Overall confidence level    | Low        |                                                        |                                                                                                            |
+-----------------------------+------------+--------------------------------------------------------+------------------------------------------------------------------------------------------------------------+


2. Settings
-----------

2.1 Environment
---------------

+-----------------------+--------------------------+
| Ambient Temp (C)      | 25.0                     |
| ThetaJA (C/W)         | 5.0                      |
| Airflow (LFM)         | 250                      |
| Heat Sink             | medium (Medium Profile)  |
| ThetaSA (C/W)         | 4.6                      |
| Board Selection       | medium (10"x10")         |
| # of Board Layers     | 12to15 (12 to 15 Layers) |
| Board Temperature (C) | 25.0                     |
+-----------------------+--------------------------+


2.2 Clock Constraints
---------------------

+--------------------------------------------------------------------------------------------+----------------------------------------------------------------------+-----------------+
| Clock                                                                                      | Domain                                                               | Constraint (ns) |
+--------------------------------------------------------------------------------------------+----------------------------------------------------------------------+-----------------+
| clk_out1_clk_wiz_0                                                                         | clk_wiz_inst/inst/clk_out1_clk_wiz_0                                 |            10.0 |
| clk_out2_clk_wiz_0                                                                         | clk_wiz_inst/inst/clk_out2_clk_wiz_0                                 |            40.0 |
| clkfbout_clk_wiz_0                                                                         | clk_wiz_inst/inst/clkfbout_clk_wiz_0                                 |            10.0 |
| dbg_hub/inst/BSCANID.u_xsdbm_id/SWITCH_N_EXT_BSCAN.bscan_inst/SERIES7_BSCAN.bscan_inst/TCK | dbg_hub/inst/BSCANID.u_xsdbm_id/SWITCH_N_EXT_BSCAN.bscan_inst/tck_bs |            33.0 |
| sys_clk_pin                                                                                | clk_int_i                                                            |            10.0 |
| sys_clk_pin                                                                                | clk_int_i_IBUF_BUFG                                                  |            10.0 |
+--------------------------------------------------------------------------------------------+----------------------------------------------------------------------+-----------------+


3. Detailed Reports
-------------------

3.1 By Hierarchy
----------------

+---------------------------+-----------+
| Name                      | Power (W) |
+---------------------------+-----------+
| top_level                 |     0.190 |
|   button_unit             |     0.001 |
|   clk_wiz_inst            |     0.106 |
|     inst                  |     0.106 |
|   dbg_hub                 |     0.003 |
|     inst                  |     0.003 |
|       BSCANID.u_xsdbm_id  |     0.003 |
|   map_size_inst           |     0.056 |
|     game_16x16            |     0.009 |
|       labyrinth_game_inst |     0.001 |
|       map_generator_inst  |     0.006 |
|     game_32x32            |     0.028 |
|       labyrinth_game_inst |     0.009 |
|       map_generator_inst  |     0.012 |
|     game_4x4              |     0.012 |
|       map_generator_inst  |     0.011 |
|     game_8x8              |     0.005 |
|       map_generator_inst  |     0.004 |
|     render_32x32          |     0.001 |
|       vga_unit            |     0.001 |
|   switch_unit             |     0.004 |
|   u_ila_0                 |     0.011 |
|     inst                  |     0.011 |
|       ila_core_inst       |     0.011 |
+---------------------------+-----------+


